13/Jun/2021 18:50:30  Build version: 2020.1 Release from 2019-10-21 (change 729620)

13/Jun/2021 18:50:30   Task: PP1
                      ----------------------------------------------------------------------
13/Jun/2021 18:50:30   Task time:                         0 sec
13/Jun/2021 18:50:30  
                      ======================================================================

13/Jun/2021 18:50:30   Task: SPara1
                      ----------------------------------------------------------------------
13/Jun/2021 18:50:31  Tolerance Settings:
                      	Relative tolerance on error current: 1e-06.

13/Jun/2021 18:50:31   Task time:                         0 sec
13/Jun/2021 18:50:31  
                      ======================================================================

13/Jun/2021 18:50:31   Task: AC1
                      ----------------------------------------------------------------------
13/Jun/2021 18:50:31  ERROR: 1 parameter errors to be fixed:
                      There is no block that can combine results!


13/Jun/2021 18:50:31    ***Error***:
                        1 parameter errors to be fixed:
                      There is no block that can combine results!


13/Jun/2021 18:50:31  
                      ======================================================================

13/Jun/2021 18:50:31   Task: SP3
                      ----------------------------------------------------------------------
13/Jun/2021 18:51:17   Task time:                         46 sec
13/Jun/2021 18:51:17  
                      ======================================================================

13/Jun/2021 18:51:17   Task: SP2
                      ----------------------------------------------------------------------
13/Jun/2021 18:53:14   Task time:                         1 min 56 sec
13/Jun/2021 18:53:14  
                      ======================================================================

13/Jun/2021 18:53:14   Total time:                        2 min 42 sec
