Version: 2020.1 Release from 2019-10-21 (change 729620) [Release]
Started @ 2021 Jun 13 (Sun):  18:50:34
Workflow: QQ-Facets
Operation: [acis, fpba, bg]
Architecture: Windows, ID: AMD64
System Windows-64bit
Using processor group 0/1
HEX Mesh information:
[Global mesh]
	global O(0 0 0) 	global S(90 91 20) Z(163799)
FARM allocation scheme: BBM
======================================================
 - pinning rule in use   : PINNING_RULE_MCALC_SKIP_ALL
 - desired group         : 0, sockets = 0
 - num cores available   : 16
 - num accessible procs  : 16
 - num logical procs     : 16
 - affinity (main thread): 11111111 11111111 
 - sockets               : 0
 - potential cores       : 0,2,4,6,8,10,12,14
 - affinity              : 11111111
 - active cores          : 0,2,4,6,8,10,12,14
 - hyperthreading        : on
 - allowed socket ids    : 0
 - allowed core ids      : 0,2,4,6,8,10,12,14
 - used mask (string)    : 10101010 10101010 
======================================================

========================================================================
Processing CAD model (for field results)
	[Improved internal geometry representation]
	[Accuracy improvement for long shapes in inhomogeneous mesh regions]
Version 2020.1 (build 20191021)
PBA version 0
2021 Jun 13 (Sun):  18:50:34
========================================================================

===========================================
Finished CAD processing (for field results)
===========================================

========================================================================
Processing CAD model
	[Improved internal geometry representation]
	[Accuracy improvement for long shapes in inhomogeneous mesh regions]
Version 2020.1 (build 20191021)
PBA version 0
2021 Jun 13 (Sun):  18:50:34
========================================================================

----------------------------------------------
Used point accuracy enhancement value: 29.00%.
----------------------------------------------

=============================================================================
Mesh statistics:
-----------------------------------------------------------------------------
Minimum edge length (x): 0.199 @ mesh line 84 (x)
Maximum edge length (x): 0.234 @ mesh line 83 (x)
Minimum face area (x): 0.04 @ mesh lines 0 | 2 (y | z)
Maximum face area (x): 0.113 @ mesh lines 30 | 16 (y | z)
Minimum edge length (y): 0.2 @ mesh line 0 (y)
Maximum edge length (y): 0.234 @ mesh line 30 (y)
Minimum face area (y): 0.0399 @ mesh lines 2 | 84 (z | x)
Maximum face area (y): 0.113 @ mesh lines 16 | 83 (z | x)
Minimum edge length (z): 0.2 @ mesh line 2 (z)
Maximum edge length (z): 0.482 @ mesh line 16 (z)
Minimum face area (z): 0.0399 @ mesh lines 84 | 0 (x | y)
Maximum face area (z): 0.0548 @ mesh lines 83 | 30 (x | y)
Maximum mesh face aspect ratio (x): 2.41 : 1.0  @ mesh lines 0 | 16 (y | z)
Maximum mesh face aspect ratio (y): 2.42 : 1.0  @ mesh lines 16 | 84 (z | x)
Maximum mesh face aspect ratio (z): 1.17 : 1.0  @ mesh lines 84 | 30 (x | y)
=============================================================================

=============================================================================
Available resources to store TST cells: 2147319847 (1310940.08% of mesh size)
=============================================================================

==================================================================================================
== CST Matrix Calculation Priority Log                                                          ==
==================================================================================================
 
Priorities are sorted in ascending order beginning with the lowest priority
 
Priority:   1, shape  22: </cst/Boundaries/> Up^Z, material: MSREF1/Substrate, float:   0.00e+00, 2D/3D-geometry: false, wire: false, sheet:  true, human: false, PEC: false, SI: false, face port:   0, feature ID:      -1
Priority:   1, shape  21: </cst/Boundaries/> Up^Y, material: MSREF1/Substrate, float:   0.00e+00, 2D/3D-geometry: false, wire: false, sheet:  true, human: false, PEC: false, SI: false, face port:   0, feature ID:      -1
Priority:   1, shape  20: </cst/Boundaries/> Up^X, material: MSREF1/Substrate, float:   0.00e+00, 2D/3D-geometry: false, wire: false, sheet:  true, human: false, PEC: false, SI: false, face port:   0, feature ID:      -1
Priority:   1, shape  18: </cst/Boundaries/> Low^Y, material: MSREF1/Substrate, float:   0.00e+00, 2D/3D-geometry: false, wire: false, sheet:  true, human: false, PEC: false, SI: false, face port:   0, feature ID:      -1
Priority:   1, shape  17: </cst/Boundaries/> Low^X, material: MSREF1/Substrate, float:   0.00e+00, 2D/3D-geometry: false, wire: false, sheet:  true, human: false, PEC: false, SI: false, face port:   0, feature ID:      -1
Priority:   2, shape  16: </cst/Ports/> 2^t1, material: MSLINE1/Metal, float:   0.00e+00, 2D/3D-geometry: false, wire:  true, sheet: false, human: false, PEC:  true, SI: false, face port:   0, feature ID:      -1
Priority:   2, shape  15: </cst/Ports/> 2^t0, material: MSLINE1/Metal, float:   0.00e+00, 2D/3D-geometry: false, wire:  true, sheet: false, human: false, PEC:  true, SI: false, face port:   0, feature ID:      -1
Priority:   3, shape  19: </cst/Boundaries/> Low^Z, material: MSLINE1/Metal, float:   0.00e+00, 2D/3D-geometry: false, wire: false, sheet:  true, human: false, PEC:  true, SI: false, face port:   0, feature ID:      -1
Priority:   4, shape  36: </cst/Ports/> discrete_face_port:8^t1, material: MSLINE1/Metal, float:   0.00e+00, 2D/3D-geometry: false, wire: false, sheet: false, human: false, PEC:  true, SI: false, face port:   1, feature ID:      -1
Priority:   4, shape  35: </cst/Ports/> discrete_face_port:8^t0, material: MSLINE1/Metal, float:   0.00e+00, 2D/3D-geometry: false, wire: false, sheet: false, human: false, PEC:  true, SI: false, face port:   1, feature ID:      -1
Priority:   4, shape  34: </cst/Ports/> discrete_face_port:7^t1, material: MSLINE1/Metal, float:   0.00e+00, 2D/3D-geometry: false, wire: false, sheet: false, human: false, PEC:  true, SI: false, face port:   1, feature ID:      -1
Priority:   4, shape  33: </cst/Ports/> discrete_face_port:7^t0, material: MSLINE1/Metal, float:   0.00e+00, 2D/3D-geometry: false, wire: false, sheet: false, human: false, PEC:  true, SI: false, face port:   1, feature ID:      -1
Priority:   4, shape  32: </cst/Ports/> discrete_face_port:6^t1, material: MSLINE1/Metal, float:   0.00e+00, 2D/3D-geometry: false, wire: false, sheet: false, human: false, PEC:  true, SI: false, face port:   1, feature ID:      -1
Priority:   4, shape  31: </cst/Ports/> discrete_face_port:6^t0, material: MSLINE1/Metal, float:   0.00e+00, 2D/3D-geometry: false, wire: false, sheet: false, human: false, PEC:  true, SI: false, face port:   1, feature ID:      -1
Priority:   4, shape  30: </cst/Ports/> discrete_face_port:5^t1, material: MSLINE1/Metal, float:   0.00e+00, 2D/3D-geometry: false, wire: false, sheet: false, human: false, PEC:  true, SI: false, face port:   1, feature ID:      -1
Priority:   4, shape  29: </cst/Ports/> discrete_face_port:5^t0, material: MSLINE1/Metal, float:   0.00e+00, 2D/3D-geometry: false, wire: false, sheet: false, human: false, PEC:  true, SI: false, face port:   1, feature ID:      -1
Priority:   4, shape  28: </cst/Ports/> discrete_face_port:4^t1, material: MSLINE1/Metal, float:   0.00e+00, 2D/3D-geometry: false, wire: false, sheet: false, human: false, PEC:  true, SI: false, face port:   1, feature ID:      -1
Priority:   4, shape  27: </cst/Ports/> discrete_face_port:4^t0, material: MSLINE1/Metal, float:   0.00e+00, 2D/3D-geometry: false, wire: false, sheet: false, human: false, PEC:  true, SI: false, face port:   1, feature ID:      -1
Priority:   4, shape  26: </cst/Ports/> discrete_face_port:3^t1, material: MSLINE1/Metal, float:   0.00e+00, 2D/3D-geometry: false, wire: false, sheet: false, human: false, PEC:  true, SI: false, face port:   1, feature ID:      -1
Priority:   4, shape  25: </cst/Ports/> discrete_face_port:3^t0, material: MSLINE1/Metal, float:   0.00e+00, 2D/3D-geometry: false, wire: false, sheet: false, human: false, PEC:  true, SI: false, face port:   1, feature ID:      -1
Priority:   4, shape  24: </cst/Ports/> discrete_face_port:1^t1, material: MSLINE1/Metal, float:   0.00e+00, 2D/3D-geometry: false, wire: false, sheet: false, human: false, PEC:  true, SI: false, face port:   1, feature ID:      -1
Priority:   4, shape  23: </cst/Ports/> discrete_face_port:1^t0, material: MSLINE1/Metal, float:   0.00e+00, 2D/3D-geometry: false, wire: false, sheet: false, human: false, PEC:  true, SI: false, face port:   1, feature ID:      -1
Priority:   5, shape   7: MSREF1:Substrate, material: MSREF1/Substrate, float:   0.00e+00, 2D/3D-geometry: true, wire: false, sheet: false, human: false, PEC: false, SI: false, face port:   0, feature ID:      -1
Priority:   6, shape   6: MSREF1:GND_Bottom, material: MSREF1/GND, float:   0.00e+00, 2D/3D-geometry: true, wire: false, sheet:  true, human: false, PEC:  true, SI: false, face port:   0, feature ID:      -1
Priority:   6, shape   5: MSLINE4:MSLINE4, material: MSLINE4/Metal, float:   0.00e+00, 2D/3D-geometry: true, wire: false, sheet:  true, human: false, PEC:  true, SI: false, face port:   0, feature ID:      -1
Priority:   6, shape   4: MSLINE3:MSLINE3, material: MSLINE3/Metal, float:   0.00e+00, 2D/3D-geometry: true, wire: false, sheet:  true, human: false, PEC:  true, SI: false, face port:   0, feature ID:      -1
Priority:   6, shape   3: MSLINE2:MSLINE2, material: MSLINE2/Metal, float:   0.00e+00, 2D/3D-geometry: true, wire: false, sheet:  true, human: false, PEC:  true, SI: false, face port:   0, feature ID:      -1
Priority:   6, shape   2: MSLINE1_1:MSLINE1, material: MSLINE1/Metal, float:   0.00e+00, 2D/3D-geometry: true, wire: false, sheet:  true, human: false, PEC:  true, SI: false, face port:   0, feature ID:      -1
Priority:   6, shape   1: MSLINE1:MSLINE1, material: MSLINE1/Metal, float:   0.00e+00, 2D/3D-geometry: true, wire: false, sheet:  true, human: false, PEC:  true, SI: false, face port:   0, feature ID:      -1
Priority:   7, shape  14: discrete_face_port:8, material: PEC, float:   0.00e+00, 2D/3D-geometry: true, wire: false, sheet:  true, human: false, PEC:  true, SI: false, face port:   1, feature ID:      -1
Priority:   7, shape  13: discrete_face_port:7, material: PEC, float:   0.00e+00, 2D/3D-geometry: true, wire: false, sheet:  true, human: false, PEC:  true, SI: false, face port:   1, feature ID:      -1
Priority:   7, shape  12: discrete_face_port:6, material: PEC, float:   0.00e+00, 2D/3D-geometry: true, wire: false, sheet:  true, human: false, PEC:  true, SI: false, face port:   1, feature ID:      -1
Priority:   7, shape  11: discrete_face_port:5, material: PEC, float:   0.00e+00, 2D/3D-geometry: true, wire: false, sheet:  true, human: false, PEC:  true, SI: false, face port:   1, feature ID:      -1
Priority:   7, shape  10: discrete_face_port:4, material: PEC, float:   0.00e+00, 2D/3D-geometry: true, wire: false, sheet:  true, human: false, PEC:  true, SI: false, face port:   1, feature ID:      -1
Priority:   7, shape   9: discrete_face_port:3, material: PEC, float:   0.00e+00, 2D/3D-geometry: true, wire: false, sheet:  true, human: false, PEC:  true, SI: false, face port:   1, feature ID:      -1
Priority:   7, shape   8: discrete_face_port:1, material: PEC, float:   0.00e+00, 2D/3D-geometry: true, wire: false, sheet:  true, human: false, PEC:  true, SI: false, face port:   1, feature ID:      -1
 
==================================================================================================
 
================================================================================================
General settings
	PBA version: legacy
------------------------------------------------------------------------------------------------
Geometry processor:legacy
	Geo accuracy: 29.000000
	PEC background is represented by CAD geometry: false
	Watertightness check: true
	Self intersection check: false
	Inheritance (all): false
	Normal dominance (all): false
	Normal dominance (ports): false
	Flanges hollow: true
	One shape per flange: false
------------------------------------------------------------------------------------------------
Connectivity settings
	Workflow selection: 0
	Workflow version: 20170101
	Gap detection: false
	Gap detection version: 1
	TST version: 1
	QQ workflow: true
	CoCo workflow: true
	Legacy topology: false
	Connectivity check: false
------------------------------------------------------------------------------------------------
Geometry processing log
	no entries
================================================================================================
=======================
Finished CAD processing
=======================

------------------------------------------------------------
Parallelization Info
------------------------------------------------------------
Hyperthreading: active: true, used: false
Number of concurrent threads: 2
Number of node domains: 2
Number of mesh fill domains: 9
Memory downscale: 1
CPU load: 25.00%
Emptiness: 0.00%
Hex mesh complexity: 0.15219
Geometric complexity: 0.00052
------------------------------------------------------------
Node order
1, 0
------------------------------------------------------------

------------------------------------
Mesh: # of points excl. TSTs: 163800
      # of points incl. TSTs: 163800
------------------------------------

1xN000:  Version: 2020.1 Release from 2019-10-21 (change 729620) [Release]
         Started @ 2021 Jun 13 (Sun):  18:50:34
         Workflow: PBA matrix coefficients
         Operation: [fpba, meshfill, bg, port-path, tst, coeff, surface-imp]
         Architecture: Windows, ID: AMD64
         System Windows-64bit
         Using processor group 0/1
         HEX Mesh information:
         [Global mesh]
         	global O(0 0 0) 	global S(38 91 20) Z(69159)
         [Extended mesh]
         	extended O(0 0 0) 	extended S(39 91 20) Z(70979)
         FARM allocation scheme: BBM
1xN000:  <<<<<<<<<<<<<<<<<<<<<<<<<<<<
         2021 Jun 13 (Sun):  18:50:34
         <<<<<<<<<<<<<<<<<<<<<<<<<<<<

1xN000:  ======================================================
          - pinning rule in use   : PINNING_RULE_MCALC_SKIP_ALL
          - desired group         : 0, sockets = 0
          - num cores available   : 16
          - num accessible procs  : 16
          - num logical procs     : 16
          - affinity (main thread): 11111111 11111111
          - sockets               : 0
          - potential cores       : 0,2,4,6,8,10,12,14
          - affinity              : 11111111
          - active cores          : 0,2,4,6,8,10,12,14
          - hyperthreading        : on
          - allowed socket ids    : 0
          - allowed core ids      : 0,2,4,6,8,10,12,14
          - used mask (string)    : 10101010 10101010

         ======================================================

1xN000:  ===============================
         Matrix computation (PBA)
         	[PBA version: legacy]
         	[PBA version: legacy]
         Version 2020.1 (build 20191021)
         PBA version 0
         2021 Jun 13 (Sun):  18:50:34
         ===============================

1xN000:  ------------------------------------------------------------------------------
         PBA fill limit is applied in inverse mode.
         PBA fill limit is applied on faces filled with at least 98.63% metal material.
         --------------------------------------------------------------
         detailed accuracy settings:
         --------------------------------------------------------------
         augmented fill limit:       true
         augmented fill limit value: 98.63
         automatic fill limit:       true
         early fill limit:           true
         inverse fill limit:         true
         model complexity:           0.00
         legacy 2015:                false
         fixed point accuracy:       false
         minimum point accuracy:     0
         mesh step inheritance:      false
         accuracy mode:
         ------------------------------------------------------------------------------

1xN000:  discrete face port "1" is connected to metal material.
1xN000:  discrete face port "3" is connected to metal material.
1xN000:  ------------------------------------------------------------------
         The following discrete face ports are connected to metal material:
         	1, 3
         ------------------------------------------------------------------

1xN000:  =================================
         Finished matrix computation (PBA)
         =================================

1xN000:  >>>>>>>>>>>>>>>>>>>>>>>>>>>>
         2021 Jun 13 (Sun):  18:50:40
         >>>>>>>>>>>>>>>>>>>>>>>>>>>>



1xN001:  Version: 2020.1 Release from 2019-10-21 (change 729620) [Release]
         Started @ 2021 Jun 13 (Sun):  18:50:34
         Workflow: PBA matrix coefficients
         Operation: [fpba, meshfill, bg, port-path, tst, coeff, surface-imp]
         Architecture: Windows, ID: AMD64
         System Windows-64bit
         Using processor group 0/1
         HEX Mesh information:
         [Global mesh]
         	global O(36 0 0) 	global S(54 91 20) Z(98279)
         [Extended mesh]
         	extended O(35 0 0) 	extended S(55 91 20) Z(100099)
         FARM allocation scheme: BBM
1xN001:  <<<<<<<<<<<<<<<<<<<<<<<<<<<<
         2021 Jun 13 (Sun):  18:50:34
         <<<<<<<<<<<<<<<<<<<<<<<<<<<<

1xN001:  ======================================================
          - pinning rule in use   : PINNING_RULE_MCALC_SKIP_ALL
          - desired group         : 0, sockets = 0
          - num cores available   : 16
          - num accessible procs  : 16
          - num logical procs     : 16
          - affinity (main thread): 11111111 11111111
          - sockets               : 0
          - potential cores       : 0,2,4,6,8,10,12,14
          - affinity              : 11111111
          - active cores          : 0,2,4,6,8,10,12,14
          - hyperthreading        : on
          - allowed socket ids    : 0
          - allowed core ids      : 0,2,4,6,8,10,12,14
          - used mask (string)    : 10101010 10101010

         ======================================================

1xN001:  ===============================
         Matrix computation (PBA)
         	[PBA version: legacy]
         	[PBA version: legacy]
         Version 2020.1 (build 20191021)
         PBA version 0
         2021 Jun 13 (Sun):  18:50:34
         ===============================

1xN001:  ------------------------------------------------------------------------------
         PBA fill limit is applied in inverse mode.
         PBA fill limit is applied on faces filled with at least 98.63% metal material.
         --------------------------------------------------------------
         detailed accuracy settings:
         --------------------------------------------------------------
         augmented fill limit:       true
         augmented fill limit value: 98.63
         automatic fill limit:       true
         early fill limit:           true
         inverse fill limit:         true
         model complexity:           0.00
         legacy 2015:                false
         fixed point accuracy:       false
         minimum point accuracy:     0
         mesh step inheritance:      false
         accuracy mode:
         ------------------------------------------------------------------------------

1xN001:  discrete edge port "2" is connected to metal material.
         The connection has been enforced at terminal 0.
1xN001:  discrete face port "4" is connected to metal material.
1xN001:  discrete face port "5" is connected to metal material.
1xN001:  discrete face port "6" is connected to metal material.
1xN001:  discrete face port "7" is connected to metal material.
1xN001:  discrete face port "8" is connected to metal material.
1xN001:  ------------------------------------------------------------------
         The following discrete face ports are connected to metal material:
         	4, 5, 6, 7, 8
         ------------------------------------------------------------------

1xN001:  ----------------------------------------------------------------
         The following discrete edge port is connected to metal material:
         	2
         ----------------------------------------------------------------

1xN001:  =================================
         Finished matrix computation (PBA)
         =================================

1xN001:  >>>>>>>>>>>>>>>>>>>>>>>>>>>>
         2021 Jun 13 (Sun):  18:50:42
         >>>>>>>>>>>>>>>>>>>>>>>>>>>>



--------------------------------
# of staircase filled cells: 0
# of staircase filled areas: 0
# of staircase filled edges: 0
# of faces above fill limit: 0
# of edges with FPBA topology: 0
--------------------------------

--------------------------------
# of staircase filled cells: 0
# of staircase filled areas: 0
# of staircase filled edges: 0
# of faces above fill limit: 0
# of edges with FPBA topology: 0
--------------------------------

--------------------------------
# of staircase filled cells: 0
# of staircase filled areas: 0
# of staircase filled edges: 0
# of faces above fill limit: 0
# of edges with FPBA topology: 0
--------------------------------

--------------------------------
# of staircase filled cells: 0
# of staircase filled areas: 0
# of staircase filled edges: 0
# of faces above fill limit: 0
# of edges with FPBA topology: 0
--------------------------------

--------------------------------
# of staircase filled cells: 0
# of staircase filled areas: 0
# of staircase filled edges: 0
# of faces above fill limit: 0
# of edges with FPBA topology: 0
--------------------------------

--------------------------------
# of staircase filled cells: 0
# of staircase filled areas: 0
# of staircase filled edges: 0
# of faces above fill limit: 0
# of edges with FPBA topology: 0
--------------------------------

--------------------------------
# of staircase filled cells: 0
# of staircase filled areas: 0
# of staircase filled edges: 0
# of faces above fill limit: 0
# of edges with FPBA topology: 0
--------------------------------

--------------------------------
# of staircase filled cells: 0
# of staircase filled areas: 0
# of staircase filled edges: 0
# of faces above fill limit: 0
# of edges with FPBA topology: 0
--------------------------------

