Unknown:
C:\Users\Mosolok\Downloads\02062021Modify_TUM_Mutasov\SP\SP3\Result\CombineResults.log
C:\Users\Mosolok\Downloads\02062021Modify_TUM_Mutasov\SP\SP3\Result\farfield (f=16)2D_1.ffp
C:\Users\Mosolok\Downloads\02062021Modify_TUM_Mutasov\SP\SP3\Result\farfield (f=16)_1.fme
C:\Users\Mosolok\Downloads\02062021Modify_TUM_Mutasov\SP\SP3\Result\farfield (f=16)_2.fme
C:\Users\Mosolok\Downloads\02062021Modify_TUM_Mutasov\SP\SP3\Result\farfield (f=16)_3.fme
C:\Users\Mosolok\Downloads\02062021Modify_TUM_Mutasov\SP\SP3\Result\farfield (f=16)_4.fme
C:\Users\Mosolok\Downloads\02062021Modify_TUM_Mutasov\SP\SP3\Result\farfield (f=16)_5.fme
C:\Users\Mosolok\Downloads\02062021Modify_TUM_Mutasov\SP\SP3\Result\farfield (f=16)_6.fme
C:\Users\Mosolok\Downloads\02062021Modify_TUM_Mutasov\SP\SP3\Result\farfield (f=16)_7.fme
C:\Users\Mosolok\Downloads\02062021Modify_TUM_Mutasov\SP\SP3\Result\farfield (f=16)_8.fme
C:\Users\Mosolok\Downloads\02062021Modify_TUM_Mutasov\SP\SP3\Result\MCalc-Facets-1xN.log
C:\Users\Mosolok\Downloads\02062021Modify_TUM_Mutasov\SP\SP3\Result\MCalc-Facets-PP.log
C:\Users\Mosolok\Downloads\02062021Modify_TUM_Mutasov\SP\SP3\Result\MCalc.ddi
C:\Users\Mosolok\Downloads\02062021Modify_TUM_Mutasov\SP\SP3\Result\MCalc.log
C:\Users\Mosolok\Downloads\02062021Modify_TUM_Mutasov\SP\SP3\Result\MCalc^Diagnostics.log
C:\Users\Mosolok\Downloads\02062021Modify_TUM_Mutasov\SP\SP3\Result\ml_info.log
C:\Users\Mosolok\Downloads\02062021Modify_TUM_Mutasov\SP\SP3\Result\Model.axg
C:\Users\Mosolok\Downloads\02062021Modify_TUM_Mutasov\SP\SP3\Result\Model.coco
C:\Users\Mosolok\Downloads\02062021Modify_TUM_Mutasov\SP\SP3\Result\Model.ddi
C:\Users\Mosolok\Downloads\02062021Modify_TUM_Mutasov\SP\SP3\Result\Model.log
C:\Users\Mosolok\Downloads\02062021Modify_TUM_Mutasov\SP\SP3\Result\Model.sa
C:\Users\Mosolok\Downloads\02062021Modify_TUM_Mutasov\SP\SP3\Result\Model.sam
C:\Users\Mosolok\Downloads\02062021Modify_TUM_Mutasov\SP\SP3\Result\Model_m1.sam
C:\Users\Mosolok\Downloads\02062021Modify_TUM_Mutasov\SP\SP3\Result\m^fifx.dsc
C:\Users\Mosolok\Downloads\02062021Modify_TUM_Mutasov\SP\SP3\Result\m^fqq.dsc
C:\Users\Mosolok\Downloads\02062021Modify_TUM_Mutasov\SP\SP3\Result\Ports.web
C:\Users\Mosolok\Downloads\02062021Modify_TUM_Mutasov\SP\SP3\Result\p^a.dsc
C:\Users\Mosolok\Downloads\02062021Modify_TUM_Mutasov\SP\SP3\Result\P^m^fbqq.slog
C:\Users\Mosolok\Downloads\02062021Modify_TUM_Mutasov\SP\SP3\Result\P^m^fqq.slog
C:\Users\Mosolok\Downloads\02062021Modify_TUM_Mutasov\SP\SP3\Result\P^p^m.slog
C:\Users\Mosolok\Downloads\02062021Modify_TUM_Mutasov\SP\SP3\Result\P^s^pm.slog
C:\Users\Mosolok\Downloads\02062021Modify_TUM_Mutasov\SP\SP3\Result\WEP.log
Mesh:
C:\Users\Mosolok\Downloads\02062021Modify_TUM_Mutasov\SP\SP3\Result\dA.mat
C:\Users\Mosolok\Downloads\02062021Modify_TUM_Mutasov\SP\SP3\Result\dad.mat
C:\Users\Mosolok\Downloads\02062021Modify_TUM_Mutasov\SP\SP3\Result\ds.mat
C:\Users\Mosolok\Downloads\02062021Modify_TUM_Mutasov\SP\SP3\Result\dsd.mat
C:\Users\Mosolok\Downloads\02062021Modify_TUM_Mutasov\SP\SP3\Result\dsMCalc.mat
C:\Users\Mosolok\Downloads\02062021Modify_TUM_Mutasov\SP\SP3\Result\Eps.mat
C:\Users\Mosolok\Downloads\02062021Modify_TUM_Mutasov\SP\SP3\Result\HexMatrix.m2h
C:\Users\Mosolok\Downloads\02062021Modify_TUM_Mutasov\SP\SP3\Result\HexMatrix_MCalc.m2h
C:\Users\Mosolok\Downloads\02062021Modify_TUM_Mutasov\SP\SP3\Result\MCalc.fmp
C:\Users\Mosolok\Downloads\02062021Modify_TUM_Mutasov\SP\SP3\Result\MCalc.xcfd
C:\Users\Mosolok\Downloads\02062021Modify_TUM_Mutasov\SP\SP3\Result\Meta.m2h
C:\Users\Mosolok\Downloads\02062021Modify_TUM_Mutasov\SP\SP3\Result\Meta.mat
C:\Users\Mosolok\Downloads\02062021Modify_TUM_Mutasov\SP\SP3\Result\Model.cct
C:\Users\Mosolok\Downloads\02062021Modify_TUM_Mutasov\SP\SP3\Result\Model.fmf
C:\Users\Mosolok\Downloads\02062021Modify_TUM_Mutasov\SP\SP3\Result\Model.fmm
C:\Users\Mosolok\Downloads\02062021Modify_TUM_Mutasov\SP\SP3\Result\Model.fpc
C:\Users\Mosolok\Downloads\02062021Modify_TUM_Mutasov\SP\SP3\Result\Model.fwf
C:\Users\Mosolok\Downloads\02062021Modify_TUM_Mutasov\SP\SP3\Result\Model.sid
C:\Users\Mosolok\Downloads\02062021Modify_TUM_Mutasov\SP\SP3\Result\Model.spi
C:\Users\Mosolok\Downloads\02062021Modify_TUM_Mutasov\SP\SP3\Result\Model.xcfd
C:\Users\Mosolok\Downloads\02062021Modify_TUM_Mutasov\SP\SP3\Result\Model^PEC.fpf
C:\Users\Mosolok\Downloads\02062021Modify_TUM_Mutasov\SP\SP3\Result\Mue.mat
C:\Users\Mosolok\Downloads\02062021Modify_TUM_Mutasov\SP\SP3\Result\m^fqq.mem
C:\Users\Mosolok\Downloads\02062021Modify_TUM_Mutasov\SP\SP3\Result\PEC.mat
C:\Users\Mosolok\Downloads\02062021Modify_TUM_Mutasov\SP\SP3\Result\Ports.fpt
C:\Users\Mosolok\Downloads\02062021Modify_TUM_Mutasov\SP\SP3\Result\p^a.mem
C:\Users\Mosolok\Downloads\02062021Modify_TUM_Mutasov\SP\SP3\Result\p^m.mem
C:\Users\Mosolok\Downloads\02062021Modify_TUM_Mutasov\SP\SP3\Result\S2HMatrix.m2h
C:\Users\Mosolok\Downloads\02062021Modify_TUM_Mutasov\SP\SP3\Result\s^pm.mem
Port:
C:\Users\Mosolok\Downloads\02062021Modify_TUM_Mutasov\SP\SP3\Result\Model.pmi
