Unknown:
C:\Users\Mosolok\Downloads\km3\Result\farfield (f=15)1D_1.ffp
C:\Users\Mosolok\Downloads\km3\Result\farfield (f=15)_1.fme
C:\Users\Mosolok\Downloads\km3\Result\farfield (f=15.8571)1D_1.ffp
C:\Users\Mosolok\Downloads\km3\Result\farfield (f=15.8571)_1.fme
C:\Users\Mosolok\Downloads\km3\Result\farfield (f=16.7143)1D_1.ffp
C:\Users\Mosolok\Downloads\km3\Result\farfield (f=16.7143)_1.fme
C:\Users\Mosolok\Downloads\km3\Result\farfield (f=17.5714)_1.fme
C:\Users\Mosolok\Downloads\km3\Result\farfield (f=18.4286)_1.fme
C:\Users\Mosolok\Downloads\km3\Result\farfield (f=19.2857)_1.fme
C:\Users\Mosolok\Downloads\km3\Result\farfield (f=20.1429)_1.fme
C:\Users\Mosolok\Downloads\km3\Result\farfield (f=21)_1.fme
C:\Users\Mosolok\Downloads\km3\Result\farfield (f=21.8571)_1.fme
C:\Users\Mosolok\Downloads\km3\Result\farfield (f=22.7143)_1.fme
C:\Users\Mosolok\Downloads\km3\Result\farfield (f=23.5714)_1.fme
C:\Users\Mosolok\Downloads\km3\Result\farfield (f=24.4286)_1.fme
C:\Users\Mosolok\Downloads\km3\Result\farfield (f=25.2857)_1.fme
C:\Users\Mosolok\Downloads\km3\Result\farfield (f=26.1429)_1.fme
C:\Users\Mosolok\Downloads\km3\Result\farfield (f=27)_1.fme
C:\Users\Mosolok\Downloads\km3\Result\Hex.gap
C:\Users\Mosolok\Downloads\km3\Result\MCalc-Facets-1xN.log
C:\Users\Mosolok\Downloads\km3\Result\MCalc-Facets-PP.log
C:\Users\Mosolok\Downloads\km3\Result\MCalc-Facets.log
C:\Users\Mosolok\Downloads\km3\Result\MCalc.ddi
C:\Users\Mosolok\Downloads\km3\Result\MCalc.log
C:\Users\Mosolok\Downloads\km3\Result\MCalc^Diagnostics.log
C:\Users\Mosolok\Downloads\km3\Result\ml_info.log
C:\Users\Mosolok\Downloads\km3\Result\Model.axg
C:\Users\Mosolok\Downloads\km3\Result\Model.coco
C:\Users\Mosolok\Downloads\km3\Result\Model.ddi
C:\Users\Mosolok\Downloads\km3\Result\Model.elg
C:\Users\Mosolok\Downloads\km3\Result\Model.log
C:\Users\Mosolok\Downloads\km3\Result\Model.sam
C:\Users\Mosolok\Downloads\km3\Result\Model.swp
C:\Users\Mosolok\Downloads\km3\Result\Model_m1.sam
C:\Users\Mosolok\Downloads\km3\Result\m^fifx.dsc
C:\Users\Mosolok\Downloads\km3\Result\m^fqq.dsc
C:\Users\Mosolok\Downloads\km3\Result\Postprocessing.log
C:\Users\Mosolok\Downloads\km3\Result\p^a.dsc
C:\Users\Mosolok\Downloads\km3\Result\P^m^fbqq.slog
C:\Users\Mosolok\Downloads\km3\Result\P^m^fqq.slog
C:\Users\Mosolok\Downloads\km3\Result\P^p^m.slog
C:\Users\Mosolok\Downloads\km3\Result\P^s^pm.slog
Mesh:
C:\Users\Mosolok\Downloads\km3\Result\dA.mat
C:\Users\Mosolok\Downloads\km3\Result\dad.mat
C:\Users\Mosolok\Downloads\km3\Result\ds.mat
C:\Users\Mosolok\Downloads\km3\Result\dsd.mat
C:\Users\Mosolok\Downloads\km3\Result\dsMCalc.mat
C:\Users\Mosolok\Downloads\km3\Result\Eps.mat
C:\Users\Mosolok\Downloads\km3\Result\HexMatrix.m2h
C:\Users\Mosolok\Downloads\km3\Result\HexMatrix_MCalc.m2h
C:\Users\Mosolok\Downloads\km3\Result\MCalc.fmp
C:\Users\Mosolok\Downloads\km3\Result\MCalc.xcfd
C:\Users\Mosolok\Downloads\km3\Result\Meta.m2h
C:\Users\Mosolok\Downloads\km3\Result\Meta.mat
C:\Users\Mosolok\Downloads\km3\Result\Model.cct
C:\Users\Mosolok\Downloads\km3\Result\Model.fmf
C:\Users\Mosolok\Downloads\km3\Result\Model.fmm
C:\Users\Mosolok\Downloads\km3\Result\Model.fpc
C:\Users\Mosolok\Downloads\km3\Result\Model.fwf
C:\Users\Mosolok\Downloads\km3\Result\Model.sid
C:\Users\Mosolok\Downloads\km3\Result\Model.spi
C:\Users\Mosolok\Downloads\km3\Result\Model.xcfd
C:\Users\Mosolok\Downloads\km3\Result\Model^PEC.fpf
C:\Users\Mosolok\Downloads\km3\Result\Mue.mat
C:\Users\Mosolok\Downloads\km3\Result\m^fifx.mem
C:\Users\Mosolok\Downloads\km3\Result\m^fqq.mem
C:\Users\Mosolok\Downloads\km3\Result\p1.spi
C:\Users\Mosolok\Downloads\km3\Result\PEC.mat
C:\Users\Mosolok\Downloads\km3\Result\Port1.wgi
C:\Users\Mosolok\Downloads\km3\Result\p^a.mem
C:\Users\Mosolok\Downloads\km3\Result\p^m.mem
C:\Users\Mosolok\Downloads\km3\Result\S2HMatrix.m2h
C:\Users\Mosolok\Downloads\km3\Result\s^pm.mem
Port:
C:\Users\Mosolok\Downloads\km3\Result\adapt_Port1_e1.prt
C:\Users\Mosolok\Downloads\km3\Result\adapt_Port1_h1.prt
C:\Users\Mosolok\Downloads\km3\Result\Model.pmi
C:\Users\Mosolok\Downloads\km3\Result\Port1_1.m2d
