13/Jun/2021 18:54:24  Build version: 2020.1 Release from 2019-10-21 (change 729620)

13/Jun/2021 18:54:24   Task: PP1
                      ----------------------------------------------------------------------
13/Jun/2021 18:54:25   Task time:                         0 sec
13/Jun/2021 18:54:25  
                      ======================================================================

13/Jun/2021 18:54:25   Task: SPara1
                      ----------------------------------------------------------------------
13/Jun/2021 18:54:25  Tolerance Settings:
                      	Relative tolerance on error current: 1e-06.

13/Jun/2021 18:54:25   Task time:                         0 sec
13/Jun/2021 18:54:25  
                      ======================================================================

13/Jun/2021 18:54:25   Task: AC1
                      ----------------------------------------------------------------------
13/Jun/2021 18:54:25  Tolerance Settings:
                      	Relative tolerance on error current: 1e-06.

13/Jun/2021 18:54:26  WARNING: Excitation amplitudes for all ports are zero or have very small amplitudes. 

13/Jun/2021 18:54:31   Task time:                         5 sec
13/Jun/2021 18:54:31  
                      ======================================================================

13/Jun/2021 18:54:31   Total time:                        5 sec
