14/Jun/2021 01:35:59  *** Warning ***
                      
                      The excitation of the Floquet or periodic port modes at Zmax corresponds to the
                      opposite direction as compared to the scan angle definition in the boundary
                      conditions dialog. To excite a plane wave with the given scan angle at Zmax,
                      please change the direction in the aforementioned dialog to "inward".
                      
                      ------------------------------------------------------------------------------
14/Jun/2021 01:36:01  Units settings: 
                      
                        Dimensions: mm
                        Frequency:  GHz
                        Time:       ns
                      
                      ------------------------------------------------------------------------------
14/Jun/2021 01:36:01  Boundary conditions: 
                      
                        YZsymmetry: none
                        XZsymmetry: none
                        XYsymmetry: none
                      
                        Xmin: unit cell
                        Xmax: unit cell
                      
                        Ymin: unit cell
                        Ymax: unit cell
                      
                        Zmin: electric
                        Zmax: expanded open
                      
                      ------------------------------------------------------------------------------
14/Jun/2021 01:36:01  Order settings: 
                      
                        Solver order   : 2nd (constant)
                        Curved elements: up to order 3 (automatic)
                      
                      ------------------------------------------------------------------------------
14/Jun/2021 01:36:01    Mesh time                :	2 s
                      
                      
                      ------------------------------------------------------------------------------
14/Jun/2021 01:36:01  
                      ================================================================================
                      Frequency Domain Solver calculation cycle started
                      
                      ------------------------------------------------------------------------------
14/Jun/2021 01:36:01  Solver started at: 01:36 AM Monday, 14. June 2021 (RTZ 2 (зима))
                      
                        Module:  Frequency Domain: S-Parameter (Win 64)
                        Version: 2020.1 Release from 2019-10-21 (change 729620)
                      
                      ------------------------------------------------------------------------------
14/Jun/2021 01:36:01    Calculation 1 of 1 (Frequency: 24 GHz, Theta: 89, Phi: 90)
                      
                      
                      ------------------------------------------------------------------------------
14/Jun/2021 01:36:01  The wavelength based mesh refinement has been applied to 0.2% of all mesh edges.
                      
                      ------------------------------------------------------------------------------
14/Jun/2021 01:36:02  Adaptive mesh refinement pass 1
                      
                      ------------------------------------------------------------------------------
14/Jun/2021 01:36:02  Performing block excitation with block size 3 and 8 threads.  More...
                      
                      ------------------------------------------------------------------------------
14/Jun/2021 01:36:03    Matrix setup time        :	0 s
                        Degrees of freedom       :	20290
                        Number of mesh cells     :	3378
                      
                        Stimulation port         :	1
                        Accuracy                 :	9.55332e-05
                        Iterations               :	32
                        Solver time              :	1 s
                      
                      
                      ------------------------------------------------------------------------------
14/Jun/2021 01:36:03    Stimulation port         :	Zmax
                        Mode number              :	1
                        Accuracy                 :	9.12922e-05
                        Iterations               :	28
                        Solver time              :	1 s
                      
                      
                      ------------------------------------------------------------------------------
14/Jun/2021 01:36:03    Stimulation port         :	Zmax
                        Mode number              :	2
                        Accuracy                 :	9.53719e-05
                        Iterations               :	26
                        Solver time              :	1 s
                      
                      
                      ------------------------------------------------------------------------------
14/Jun/2021 01:36:03  *** Warning ***
                      
14/Jun/2021 01:36:03  The input reflection seems to be large at 24 GHz, Theta: 89, Phi: 90. A constant mesh adaptation sample will not be 
                      changed.  More...
                      
                      ------------------------------------------------------------------------------
14/Jun/2021 01:36:03  50% of all mesh edges seem to be longer than expected. The adaptive mesh refinement's growth limitation will therefore 
                      use 13619 instead of 3271 mesh cells as a reference.
                      
                      ------------------------------------------------------------------------------
14/Jun/2021 01:36:04  Adaptive mesh refinement pass 2
                      
                      ------------------------------------------------------------------------------
14/Jun/2021 01:36:05    Matrix setup time        :	0 s
                        Degrees of freedom       :	28304
                        Number of mesh cells     :	4655
                      
                        Stimulation port         :	1
                        Accuracy                 :	9.66026e-05
                        Iterations               :	25
                        Solver time              :	1 s
                      
                      
                      ------------------------------------------------------------------------------
14/Jun/2021 01:36:05    Stimulation port         :	Zmax
                        Mode number              :	1
                        Accuracy                 :	5.7918e-05
                        Iterations               :	23
                        Solver time              :	1 s
                      
                      
                      ------------------------------------------------------------------------------
14/Jun/2021 01:36:05    Stimulation port         :	Zmax
                        Mode number              :	2
                        Accuracy                 :	7.99508e-05
                        Iterations               :	26
                        Solver time              :	1 s
                      
                      
                      ------------------------------------------------------------------------------
14/Jun/2021 01:36:05    Delta calculation        
14/Jun/2021 01:36:05    All S-Parameters         :	0.0544136

                      ------------------------------------------------------------------------------
14/Jun/2021 01:36:06  Adaptive mesh refinement pass 3
                      
                      ------------------------------------------------------------------------------
14/Jun/2021 01:36:07    Matrix setup time        :	0 s
                        Degrees of freedom       :	44944
                        Number of mesh cells     :	7361
                      
                        Stimulation port         :	1
                        Accuracy                 :	7.0523e-05
                        Iterations               :	17
                        Solver time              :	1 s
                      
                      
                      ------------------------------------------------------------------------------
14/Jun/2021 01:36:07    Stimulation port         :	Zmax
                        Mode number              :	1
                        Accuracy                 :	8.09025e-05
                        Iterations               :	19
                        Solver time              :	1 s
                      
                      
                      ------------------------------------------------------------------------------
14/Jun/2021 01:36:07    Stimulation port         :	Zmax
                        Mode number              :	2
                        Accuracy                 :	9.11537e-05
                        Iterations               :	17
                        Solver time              :	1 s
                      
                      
                      ------------------------------------------------------------------------------
14/Jun/2021 01:36:07    Delta calculation        
14/Jun/2021 01:36:07    All S-Parameters         :	0.0294752

                      ------------------------------------------------------------------------------
14/Jun/2021 01:36:09  Adaptive mesh refinement pass 4
                      
                      ------------------------------------------------------------------------------
14/Jun/2021 01:36:10    Matrix setup time        :	0 s
                        Degrees of freedom       :	62708
                        Number of mesh cells     :	10199
                      
                        Stimulation port         :	1
                        Accuracy                 :	9.9559e-05
                        Iterations               :	14
                        Solver time              :	1 s
                      
                      
                      ------------------------------------------------------------------------------
14/Jun/2021 01:36:10    Stimulation port         :	Zmax
                        Mode number              :	1
                        Accuracy                 :	9.33347e-05
                        Iterations               :	16
                        Solver time              :	1 s
                      
                      
                      ------------------------------------------------------------------------------
14/Jun/2021 01:36:10    Stimulation port         :	Zmax
                        Mode number              :	2
                        Accuracy                 :	8.64075e-05
                        Iterations               :	18
                        Solver time              :	1 s
                      
                      
                      ------------------------------------------------------------------------------
14/Jun/2021 01:36:10    Delta calculation        
14/Jun/2021 01:36:10    All S-Parameters         :	0.0222725

                      ------------------------------------------------------------------------------
14/Jun/2021 01:36:12  Adaptive mesh refinement pass 5
                      
                      ------------------------------------------------------------------------------
14/Jun/2021 01:36:14    Matrix setup time        :	0 s
                        Degrees of freedom       :	91766
                        Number of mesh cells     :	14876
                      
                        Stimulation port         :	1
                        Accuracy                 :	5.18235e-05
                        Iterations               :	13
                        Solver time              :	2 s
                      
                      
                      ------------------------------------------------------------------------------
14/Jun/2021 01:36:14    Stimulation port         :	Zmax
                        Mode number              :	1
                        Accuracy                 :	9.08825e-05
                        Iterations               :	15
                        Solver time              :	2 s
                      
                      
                      ------------------------------------------------------------------------------
14/Jun/2021 01:36:14    Stimulation port         :	Zmax
                        Mode number              :	2
                        Accuracy                 :	7.66285e-05
                        Iterations               :	14
                        Solver time              :	2 s
                      
                      
                      ------------------------------------------------------------------------------
14/Jun/2021 01:36:14    Delta calculation        
14/Jun/2021 01:36:14    All S-Parameters         :	0.0225627

                      ------------------------------------------------------------------------------
14/Jun/2021 01:36:16  Adaptive mesh refinement pass 6
                      
                      ------------------------------------------------------------------------------
14/Jun/2021 01:36:19    Matrix setup time        :	0 s
                        Solver setup             :	1 s
                        Degrees of freedom       :	120192
                        Number of mesh cells     :	19395
                      
                        Stimulation port         :	1
                        Accuracy                 :	9.4905e-05
                        Iterations               :	10
                        Solver time              :	2 s
                      
                      
                      ------------------------------------------------------------------------------
14/Jun/2021 01:36:19    Stimulation port         :	Zmax
                        Mode number              :	1
                        Accuracy                 :	8.69612e-05
                        Iterations               :	13
                        Solver time              :	2 s
                      
                      
                      ------------------------------------------------------------------------------
14/Jun/2021 01:36:19    Stimulation port         :	Zmax
                        Mode number              :	2
                        Accuracy                 :	6.96077e-05
                        Iterations               :	12
                        Solver time              :	2 s
                      
                      
                      ------------------------------------------------------------------------------
14/Jun/2021 01:36:19    Delta calculation        
14/Jun/2021 01:36:19    All S-Parameters         :	0.0184221

                      ------------------------------------------------------------------------------
14/Jun/2021 01:36:19  Mesh adaptation terminated because the desired accuracy limit is reached.
                      
                      ------------------------------------------------------------------------------
14/Jun/2021 01:36:19  *** Warning ***
                      
14/Jun/2021 01:36:19  At least one propagating Floquet mode is not considered at port Zmax. Please increase the number of modes at this port. 
                      More...
                      
                      ------------------------------------------------------------------------------
14/Jun/2021 01:36:19    Total time               :	18 s
                      
                      ------------------------------------------------------------------------------

                      ------------------------------------------------------------------------------
14/Jun/2021 01:36:20    Calculation 2 (Frequency: 18 GHz, Theta: 89, Phi: 90)
                      
                      
                      ------------------------------------------------------------------------------
14/Jun/2021 01:36:23    Matrix setup time        :	0 s
                        Degrees of freedom       :	120192
                        Number of mesh cells     :	19395
                      
                        Stimulation port         :	1
                        Accuracy                 :	6.80013e-05
                        Iterations               :	11
                        Solver time              :	3 s
                      
                      
                      ------------------------------------------------------------------------------
14/Jun/2021 01:36:23    Stimulation port         :	Zmax
                        Mode number              :	1
                        Accuracy                 :	8.58354e-05
                        Iterations               :	14
                        Solver time              :	3 s
                      
                      
                      ------------------------------------------------------------------------------
14/Jun/2021 01:36:23    Stimulation port         :	Zmax
                        Mode number              :	2
                        Accuracy                 :	8.2454e-05
                        Iterations               :	14
                        Solver time              :	3 s
                      
                      
                      ------------------------------------------------------------------------------
14/Jun/2021 01:36:24    Generating results       :	1 s
                      
                        Total time               :	4 s
                      
                      ------------------------------------------------------------------------------

                      ------------------------------------------------------------------------------
14/Jun/2021 01:36:24    Calculation 3 (Frequency: 21 GHz, Theta: 89, Phi: 90)
                      
                      
                      ------------------------------------------------------------------------------
14/Jun/2021 01:36:27    Matrix setup time        :	0 s
                        Degrees of freedom       :	120192
                        Number of mesh cells     :	19395
                      
                        Stimulation port         :	1
                        Accuracy                 :	5.03596e-05
                        Iterations               :	10
                        Solver time              :	2 s
                      
                      
                      ------------------------------------------------------------------------------
14/Jun/2021 01:36:27    Stimulation port         :	Zmax
                        Mode number              :	1
                        Accuracy                 :	7.56478e-05
                        Iterations               :	12
                        Solver time              :	3 s
                      
                      
                      ------------------------------------------------------------------------------
14/Jun/2021 01:36:27    Stimulation port         :	Zmax
                        Mode number              :	2
                        Accuracy                 :	8.91457e-05
                        Iterations               :	11
                        Solver time              :	3 s
                      
                      
                      ------------------------------------------------------------------------------
14/Jun/2021 01:36:27    Total time               :	3 s
                      
                      ------------------------------------------------------------------------------

                      ------------------------------------------------------------------------------
14/Jun/2021 01:36:27    Calculation 4 (Frequency: 19.542 GHz, Theta: 89, Phi: 90)
                      
                      
                      ------------------------------------------------------------------------------
14/Jun/2021 01:36:30    Matrix setup time        :	0 s
                        Degrees of freedom       :	120192
                        Number of mesh cells     :	19395
                      
                        Stimulation port         :	1
                        Accuracy                 :	9.35398e-05
                        Iterations               :	5
                        Solver time              :	1 s
                      
                      
                      ------------------------------------------------------------------------------
14/Jun/2021 01:36:30    Stimulation port         :	Zmax
                        Mode number              :	1
                        Accuracy                 :	8.14828e-05
                        Iterations               :	10
                        Solver time              :	2 s
                      
                      
                      ------------------------------------------------------------------------------
14/Jun/2021 01:36:30    Stimulation port         :	Zmax
                        Mode number              :	2
                        Accuracy                 :	7.19508e-05
                        Iterations               :	8
                        Solver time              :	2 s
                      
                      
                      ------------------------------------------------------------------------------
14/Jun/2021 01:36:30    Total time               :	3 s
                      
                      ------------------------------------------------------------------------------

                      ------------------------------------------------------------------------------
14/Jun/2021 01:36:30    Calculation 5 (Frequency: 21.492 GHz, Theta: 89, Phi: 90)
                      
                      
                      ------------------------------------------------------------------------------
14/Jun/2021 01:36:33    Matrix setup time        :	0 s
                        Solver setup             :	1 s
                        Degrees of freedom       :	120192
                        Number of mesh cells     :	19395
                      
                        Stimulation port         :	1
                        Accuracy                 :	7.6721e-05
                        Iterations               :	9
                        Solver time              :	2 s
                      
                      
                      ------------------------------------------------------------------------------
14/Jun/2021 01:36:33    Stimulation port         :	Zmax
                        Mode number              :	1
                        Accuracy                 :	8.78566e-05
                        Iterations               :	10
                        Solver time              :	2 s
                      
                      
                      ------------------------------------------------------------------------------
14/Jun/2021 01:36:33    Stimulation port         :	Zmax
                        Mode number              :	2
                        Accuracy                 :	8.04073e-05
                        Iterations               :	9
                        Solver time              :	2 s
                      
                      
                      ------------------------------------------------------------------------------
14/Jun/2021 01:36:33    Total time               :	3 s
                      
                      ------------------------------------------------------------------------------

                      ------------------------------------------------------------------------------
14/Jun/2021 01:36:33    Calculation 6 (Frequency: 18.498 GHz, Theta: 89, Phi: 90)
                      
                      
                      ------------------------------------------------------------------------------
14/Jun/2021 01:36:35    Matrix setup time        :	0 s
                        Degrees of freedom       :	120192
                        Number of mesh cells     :	19395
                      
                        Stimulation port         :	1
                        Accuracy                 :	3.06936e-05
                        Iterations               :	5
                        Solver time              :	2 s
                      
                      
                      ------------------------------------------------------------------------------
14/Jun/2021 01:36:35    Stimulation port         :	Zmax
                        Mode number              :	1
                        Accuracy                 :	2.20009e-05
                        Iterations               :	5
                        Solver time              :	2 s
                      
                      
                      ------------------------------------------------------------------------------
14/Jun/2021 01:36:35    Stimulation port         :	Zmax
                        Mode number              :	2
                        Accuracy                 :	4.18352e-05
                        Iterations               :	5
                        Solver time              :	2 s
                      
                      
                      ------------------------------------------------------------------------------
14/Jun/2021 01:36:35    Total time               :	2 s
                      
                      ------------------------------------------------------------------------------

                      ------------------------------------------------------------------------------
14/Jun/2021 01:36:35    Calculation 7 (Frequency: 21.78 GHz, Theta: 89, Phi: 90)
                      
                      
                      ------------------------------------------------------------------------------
14/Jun/2021 01:36:38    Matrix setup time        :	0 s
                        Degrees of freedom       :	120192
                        Number of mesh cells     :	19395
                      
                        Stimulation port         :	1
                        Accuracy                 :	8.47167e-05
                        Iterations               :	13
                        Solver time              :	3 s
                      
                      
                      ------------------------------------------------------------------------------
14/Jun/2021 01:36:38    Stimulation port         :	Zmax
                        Mode number              :	1
                        Accuracy                 :	9.52999e-05
                        Iterations               :	16
                        Solver time              :	3 s
                      
                      
                      ------------------------------------------------------------------------------
14/Jun/2021 01:36:38    Stimulation port         :	Zmax
                        Mode number              :	2
                        Accuracy                 :	4.61476e-05
                        Iterations               :	16
                        Solver time              :	3 s
                      
                      
                      ------------------------------------------------------------------------------
14/Jun/2021 01:36:39    Total time               :	4 s
                      
                      ------------------------------------------------------------------------------

                      ------------------------------------------------------------------------------
14/Jun/2021 01:36:39    Calculation 8 (Frequency: 20.412 GHz, Theta: 89, Phi: 90)
                      
                      
                      ------------------------------------------------------------------------------
14/Jun/2021 01:36:40    Matrix setup time        :	0 s
                        Degrees of freedom       :	120192
                        Number of mesh cells     :	19395
                      
                        Stimulation port         :	1
                        Accuracy                 :	2.5468e-05
                        Iterations               :	5
                        Solver time              :	1 s
                      
                      
                      ------------------------------------------------------------------------------
14/Jun/2021 01:36:40    Stimulation port         :	Zmax
                        Mode number              :	1
                        Accuracy                 :	5.13205e-05
                        Iterations               :	5
                        Solver time              :	1 s
                      
                      
                      ------------------------------------------------------------------------------
14/Jun/2021 01:36:40    Stimulation port         :	Zmax
                        Mode number              :	2
                        Accuracy                 :	4.24591e-05
                        Iterations               :	5
                        Solver time              :	1 s
                      
                      
                      ------------------------------------------------------------------------------
14/Jun/2021 01:36:41    Generating results       :	1 s
                      
                        Total time               :	2 s
                      
                      ------------------------------------------------------------------------------

                      ------------------------------------------------------------------------------
14/Jun/2021 01:36:41    Calculation 9 (Frequency: 23.154 GHz, Theta: 89, Phi: 90)
                      
                      
                      ------------------------------------------------------------------------------
14/Jun/2021 01:36:44    Matrix setup time        :	0 s
                        Degrees of freedom       :	120192
                        Number of mesh cells     :	19395
                      
                        Stimulation port         :	1
                        Accuracy                 :	9.92784e-05
                        Iterations               :	8
                        Solver time              :	2 s
                      
                      
                      ------------------------------------------------------------------------------
14/Jun/2021 01:36:44    Stimulation port         :	Zmax
                        Mode number              :	1
                        Accuracy                 :	8.95346e-05
                        Iterations               :	15
                        Solver time              :	3 s
                      
                      
                      ------------------------------------------------------------------------------
14/Jun/2021 01:36:44    Stimulation port         :	Zmax
                        Mode number              :	2
                        Accuracy                 :	6.27599e-05
                        Iterations               :	12
                        Solver time              :	2 s
                      
                      
                      ------------------------------------------------------------------------------
14/Jun/2021 01:36:44    Total time               :	3 s
                      
                      ------------------------------------------------------------------------------

                      ------------------------------------------------------------------------------
14/Jun/2021 01:36:44    Calculation 10 (Frequency: 21.702 GHz, Theta: 89, Phi: 90)
                      
                      
                      ------------------------------------------------------------------------------
14/Jun/2021 01:36:46    Matrix setup time        :	0 s
                        Solver setup             :	1 s
                        Degrees of freedom       :	120192
                        Number of mesh cells     :	19395
                      
                        Stimulation port         :	1
                        Accuracy                 :	4.8951e-05
                        Iterations               :	6
                        Solver time              :	1 s
                      
                      
                      ------------------------------------------------------------------------------
14/Jun/2021 01:36:46    Stimulation port         :	Zmax
                        Mode number              :	1
                        Accuracy                 :	9.27746e-05
                        Iterations               :	6
                        Solver time              :	1 s
                      
                      
                      ------------------------------------------------------------------------------
14/Jun/2021 01:36:46    Stimulation port         :	Zmax
                        Mode number              :	2
                        Accuracy                 :	6.73063e-05
                        Iterations               :	6
                        Solver time              :	1 s
                      
                      
                      ------------------------------------------------------------------------------
14/Jun/2021 01:36:46    Total time               :	2 s
                      
                      ------------------------------------------------------------------------------

                      ------------------------------------------------------------------------------
14/Jun/2021 01:36:46    Calculation 11 (Frequency: 22.92 GHz, Theta: 89, Phi: 90)
                      
                      
                      ------------------------------------------------------------------------------
14/Jun/2021 01:36:49    Matrix setup time        :	0 s
                        Solver setup             :	1 s
                        Degrees of freedom       :	120192
                        Number of mesh cells     :	19395
                      
                        Stimulation port         :	1
                        Accuracy                 :	9.18996e-05
                        Iterations               :	12
                        Solver time              :	2 s
                      
                      
                      ------------------------------------------------------------------------------
14/Jun/2021 01:36:49    Stimulation port         :	Zmax
                        Mode number              :	1
                        Accuracy                 :	9.74458e-05
                        Iterations               :	18
                        Solver time              :	2 s
                      
                      
                      ------------------------------------------------------------------------------
14/Jun/2021 01:36:49    Stimulation port         :	Zmax
                        Mode number              :	2
                        Accuracy                 :	9.67193e-05
                        Iterations               :	8
                        Solver time              :	1 s
                      
                      
                      ------------------------------------------------------------------------------
14/Jun/2021 01:36:50    Generating results       :	1 s
                      
                        Total time               :	4 s
                      
                      ------------------------------------------------------------------------------

                      ------------------------------------------------------------------------------
14/Jun/2021 01:36:50    Calculation 12 (Frequency: 23.28 GHz, Theta: 89, Phi: 90)
                      
                      
                      ------------------------------------------------------------------------------
14/Jun/2021 01:36:51    Matrix setup time        :	0 s
                        Degrees of freedom       :	120192
                        Number of mesh cells     :	19395
                      
                        Stimulation port         :	1
                        Accuracy                 :	2.41498e-05
                        Iterations               :	5
                        Solver time              :	1 s
                      
                      
                      ------------------------------------------------------------------------------
14/Jun/2021 01:36:51    Stimulation port         :	Zmax
                        Mode number              :	1
                        Accuracy                 :	3.67291e-05
                        Iterations               :	5
                        Solver time              :	1 s
                      
                      
                      ------------------------------------------------------------------------------
14/Jun/2021 01:36:51    Stimulation port         :	Zmax
                        Mode number              :	2
                        Accuracy                 :	2.71387e-05
                        Iterations               :	5
                        Solver time              :	1 s
                      
                      
                      ------------------------------------------------------------------------------
14/Jun/2021 01:36:52    Generating results       :	1 s
                      
                        Total time               :	2 s
                      
                      ------------------------------------------------------------------------------

                      ------------------------------------------------------------------------------
14/Jun/2021 01:36:52    Calculation 13 (Frequency: 22.71 GHz, Theta: 89, Phi: 90)
                      
                      
                      ------------------------------------------------------------------------------
14/Jun/2021 01:36:54    Matrix setup time        :	0 s
                        Degrees of freedom       :	120192
                        Number of mesh cells     :	19395
                      
                        Stimulation port         :	1
                        Accuracy                 :	7.24573e-05
                        Iterations               :	7
                        Solver time              :	2 s
                      
                      
                      ------------------------------------------------------------------------------
14/Jun/2021 01:36:54    Stimulation port         :	Zmax
                        Mode number              :	1
                        Accuracy                 :	6.45624e-05
                        Iterations               :	8
                        Solver time              :	2 s
                      
                      
                      ------------------------------------------------------------------------------
14/Jun/2021 01:36:54    Stimulation port         :	Zmax
                        Mode number              :	2
                        Accuracy                 :	9.48032e-05
                        Iterations               :	6
                        Solver time              :	2 s
                      
                      
                      ------------------------------------------------------------------------------
14/Jun/2021 01:36:54    Total time               :	2 s
                      
                      ------------------------------------------------------------------------------

                      ------------------------------------------------------------------------------
14/Jun/2021 01:36:54    Calculation 14 (Frequency: 22.956 GHz, Theta: 89, Phi: 90)
                      
                      
                      ------------------------------------------------------------------------------
14/Jun/2021 01:36:56    Matrix setup time        :	0 s
                        Solver setup             :	1 s
                        Degrees of freedom       :	120192
                        Number of mesh cells     :	19395
                      
                        Stimulation port         :	1
                        Accuracy                 :	9.35758e-05
                        Iterations               :	9
                        Solver time              :	1 s
                      
                      
                      ------------------------------------------------------------------------------
14/Jun/2021 01:36:56    Stimulation port         :	Zmax
                        Mode number              :	1
                        Accuracy                 :	9.98689e-05
                        Iterations               :	8
                        Solver time              :	1 s
                      
                      
                      ------------------------------------------------------------------------------
14/Jun/2021 01:36:56    Stimulation port         :	Zmax
                        Mode number              :	2
                        Accuracy                 :	9.95774e-05
                        Iterations               :	6
                        Solver time              :	1 s
                      
                      
                      ------------------------------------------------------------------------------
14/Jun/2021 01:36:57    Generating results       :	1 s
                      
                        Total time               :	3 s
                      
                      ------------------------------------------------------------------------------

                      ------------------------------------------------------------------------------
14/Jun/2021 01:36:57    Calculation 15 (Frequency: 22.47 GHz, Theta: 89, Phi: 90)
                      
                      
                      ------------------------------------------------------------------------------
14/Jun/2021 01:37:00    Matrix setup time        :	0 s
                        Degrees of freedom       :	120192
                        Number of mesh cells     :	19395
                      
                        Stimulation port         :	1
                        Accuracy                 :	9.47708e-05
                        Iterations               :	7
                        Solver time              :	2 s
                      
                      
                      ------------------------------------------------------------------------------
14/Jun/2021 01:37:00    Stimulation port         :	Zmax
                        Mode number              :	1
                        Accuracy                 :	7.06116e-05
                        Iterations               :	15
                        Solver time              :	3 s
                      
                      
                      ------------------------------------------------------------------------------
14/Jun/2021 01:37:00    Stimulation port         :	Zmax
                        Mode number              :	2
                        Accuracy                 :	9.90719e-05
                        Iterations               :	12
                        Solver time              :	3 s
                      
                      
                      ------------------------------------------------------------------------------
14/Jun/2021 01:37:00    Total time               :	3 s
                      
                      ------------------------------------------------------------------------------

                      ------------------------------------------------------------------------------
14/Jun/2021 01:37:00    Calculation 16 (Frequency: 18.288 GHz, Theta: 89, Phi: 90)
                      
                      
                      ------------------------------------------------------------------------------
14/Jun/2021 01:37:02    Matrix setup time        :	0 s
                        Solver setup             :	1 s
                        Degrees of freedom       :	120192
                        Number of mesh cells     :	19395
                      
                        Stimulation port         :	1
                        Accuracy                 :	3.1082e-05
                        Iterations               :	5
                        Solver time              :	1 s
                      
                      
                      ------------------------------------------------------------------------------
14/Jun/2021 01:37:02    Stimulation port         :	Zmax
                        Mode number              :	1
                        Accuracy                 :	1.58564e-05
                        Iterations               :	5
                        Solver time              :	1 s
                      
                      
                      ------------------------------------------------------------------------------
14/Jun/2021 01:37:02    Stimulation port         :	Zmax
                        Mode number              :	2
                        Accuracy                 :	1.36845e-05
                        Iterations               :	5
                        Solver time              :	1 s
                      
                      
                      ------------------------------------------------------------------------------
14/Jun/2021 01:37:02    Total time               :	2 s
                      
                      ------------------------------------------------------------------------------

                      ------------------------------------------------------------------------------
14/Jun/2021 01:37:02  Finished the general purpose interpolative broadband frequency sweep:
                      All broadband sweep convergence criteria have been satisfied after
                      calculating 16 frequency samples:
                      
                        Broadband sweep error threshold value : 
                                                                0.01 (All S-Parameters) 
                        Number of error criterion checks      : 
                                                                2 (All S-Parameters) 
                        Minimum number of samples             : 3
                      
                      
                      ------------------------------------------------------------------------------
14/Jun/2021 01:37:02    Total Solver Time        :	62 s	 (= 0 h, 01 m, 02 s)
                      ================================================================================
                      
                      
                      
                      ------------------------------------------------------------------------------
14/Jun/2021 01:37:02  Calculating remaining monitors.
                      
                      ------------------------------------------------------------------------------
14/Jun/2021 01:37:03    ----------------------------------------------------------------------------
                                            Peak memory used (kB)         Free physical memory (kB) 
                                                                          At begin     Minimum      
                        ----------------------------------------------------------------------------
                        Solver start        16604                         8917164      8915032      
                        Eq. system setup    605228                        8883572      8452832      
                        Eq. system solve    611600                        8857052      8332320      
                        Mesh refinement     424232                        8850100      8613340      
                        Solver run total    611600                        8917176      8341760      
                      
                        Computer name       DESKTOP-PKNO5SL
                        ----------------------------------------------------------------------------
                      
                      
                      ------------------------------------------------------------------------------
14/Jun/2021 01:37:03  Running postprocessing.
                      
                      ------------------------------------------------------------------------------
14/Jun/2021 01:37:33  Postprocessing finished.
                      
                      ------------------------------------------------------------------------------
14/Jun/2021 01:37:33  Creating parametric 1D results for Run ID 34
                      
                      ------------------------------------------------------------------------------
