Version: 2020.1 Release from 2019-10-21 (change 729620) [Release]
Started @ 2021 Jun 13 (Sun):  18:43:18
Workflow: QQ-Facets
Operation: [acis, fpba, bg]
Architecture: Windows, ID: AMD64
System Windows-64bit
Using processor group 0/1
HEX Mesh information:
[Global mesh]
	global O(0 0 0) 	global S(71 71 20) Z(100819)
FARM allocation scheme: BBM
======================================================
 - pinning rule in use   : PINNING_RULE_MCALC_SKIP_ALL
 - desired group         : 0, sockets = 0
 - num cores available   : 16
 - num accessible procs  : 16
 - num logical procs     : 16
 - affinity (main thread): 11111111 11111111 
 - sockets               : 0
 - potential cores       : 0,2,4,6,8,10,12,14
 - affinity              : 11111111
 - active cores          : 0,2,4,6,8,10,12,14
 - hyperthreading        : on
 - allowed socket ids    : 0
 - allowed core ids      : 0,2,4,6,8,10,12,14
 - used mask (string)    : 10101010 10101010 
======================================================

========================================================================
Processing CAD model (for field results)
	[Improved internal geometry representation]
	[Accuracy improvement for long shapes in inhomogeneous mesh regions]
Version 2020.1 (build 20191021)
PBA version 2019102120
2021 Jun 13 (Sun):  18:43:18
========================================================================

===========================================
Finished CAD processing (for field results)
===========================================

========================================================================
Processing CAD model
	[Improved internal geometry representation]
	[Accuracy improvement for long shapes in inhomogeneous mesh regions]
Version 2020.1 (build 20191021)
PBA version 2019102120
2021 Jun 13 (Sun):  18:43:19
========================================================================

----------------------------------------------
Used point accuracy enhancement value: 64.00%.
----------------------------------------------

=============================================================================
Mesh statistics:
-----------------------------------------------------------------------------
Minimum edge length (x): 0.2 @ mesh line 1 (x)
Maximum edge length (x): 0.239 @ mesh line 53 (x)
Minimum face area (x): 0.04 @ mesh lines 2 | 2 (y | z)
Maximum face area (x): 0.115 @ mesh lines 18 | 16 (y | z)
Minimum edge length (y): 0.2 @ mesh line 2 (y)
Maximum edge length (y): 0.239 @ mesh line 18 (y)
Minimum face area (y): 0.04 @ mesh lines 2 | 1 (z | x)
Maximum face area (y): 0.115 @ mesh lines 16 | 53 (z | x)
Minimum edge length (z): 0.2 @ mesh line 2 (z)
Maximum edge length (z): 0.482 @ mesh line 16 (z)
Minimum face area (z): 0.04 @ mesh lines 1 | 2 (x | y)
Maximum face area (z): 0.057 @ mesh lines 53 | 18 (x | y)
Maximum mesh face aspect ratio (x): 2.41 : 1.0  @ mesh lines 2 | 16 (y | z)
Maximum mesh face aspect ratio (y): 2.41 : 1.0  @ mesh lines 16 | 1 (z | x)
Maximum mesh face aspect ratio (z): 1.19 : 1.0  @ mesh lines 1 | 18 (x | y)
=============================================================================

=============================================================================
Available resources to store TST cells: 2147382827 (2129917.50% of mesh size)
=============================================================================

==================================================================================================
== CST Matrix Calculation Priority Log                                                          ==
==================================================================================================
 
Priorities are sorted in ascending order beginning with the lowest priority
 
Priority:   1, shape  20: </cst/Boundaries/> Up^Z, material: MSREF1/Substrate, float:   0.00e+00, 2D/3D-geometry: false, wire: false, sheet:  true, human: false, PEC: false, SI: false, face port:   0, feature ID:      -1
Priority:   1, shape  19: </cst/Boundaries/> Up^Y, material: MSREF1/Substrate, float:   0.00e+00, 2D/3D-geometry: false, wire: false, sheet:  true, human: false, PEC: false, SI: false, face port:   0, feature ID:      -1
Priority:   1, shape  18: </cst/Boundaries/> Up^X, material: MSREF1/Substrate, float:   0.00e+00, 2D/3D-geometry: false, wire: false, sheet:  true, human: false, PEC: false, SI: false, face port:   0, feature ID:      -1
Priority:   1, shape  16: </cst/Boundaries/> Low^Y, material: MSREF1/Substrate, float:   0.00e+00, 2D/3D-geometry: false, wire: false, sheet:  true, human: false, PEC: false, SI: false, face port:   0, feature ID:      -1
Priority:   1, shape  15: </cst/Boundaries/> Low^X, material: MSREF1/Substrate, float:   0.00e+00, 2D/3D-geometry: false, wire: false, sheet:  true, human: false, PEC: false, SI: false, face port:   0, feature ID:      -1
Priority:   2, shape  17: </cst/Boundaries/> Low^Z, material: MSLINE1/Metal, float:   0.00e+00, 2D/3D-geometry: false, wire: false, sheet:  true, human: false, PEC:  true, SI: false, face port:   0, feature ID:      -1
Priority:   3, shape  36: </cst/Ports/> discrete_face_port:8^t1, material: MSLINE1/Metal, float:   0.00e+00, 2D/3D-geometry: false, wire: false, sheet: false, human: false, PEC:  true, SI: false, face port:   1, feature ID:      -1
Priority:   3, shape  35: </cst/Ports/> discrete_face_port:8^t0, material: MSLINE1/Metal, float:   0.00e+00, 2D/3D-geometry: false, wire: false, sheet: false, human: false, PEC:  true, SI: false, face port:   1, feature ID:      -1
Priority:   3, shape  34: </cst/Ports/> discrete_face_port:7^t1, material: MSLINE1/Metal, float:   0.00e+00, 2D/3D-geometry: false, wire: false, sheet: false, human: false, PEC:  true, SI: false, face port:   1, feature ID:      -1
Priority:   3, shape  33: </cst/Ports/> discrete_face_port:7^t0, material: MSLINE1/Metal, float:   0.00e+00, 2D/3D-geometry: false, wire: false, sheet: false, human: false, PEC:  true, SI: false, face port:   1, feature ID:      -1
Priority:   3, shape  32: </cst/Ports/> discrete_face_port:6^t1, material: MSLINE1/Metal, float:   0.00e+00, 2D/3D-geometry: false, wire: false, sheet: false, human: false, PEC:  true, SI: false, face port:   1, feature ID:      -1
Priority:   3, shape  31: </cst/Ports/> discrete_face_port:6^t0, material: MSLINE1/Metal, float:   0.00e+00, 2D/3D-geometry: false, wire: false, sheet: false, human: false, PEC:  true, SI: false, face port:   1, feature ID:      -1
Priority:   3, shape  30: </cst/Ports/> discrete_face_port:5^t1, material: MSLINE1/Metal, float:   0.00e+00, 2D/3D-geometry: false, wire: false, sheet: false, human: false, PEC:  true, SI: false, face port:   1, feature ID:      -1
Priority:   3, shape  29: </cst/Ports/> discrete_face_port:5^t0, material: MSLINE1/Metal, float:   0.00e+00, 2D/3D-geometry: false, wire: false, sheet: false, human: false, PEC:  true, SI: false, face port:   1, feature ID:      -1
Priority:   3, shape  28: </cst/Ports/> discrete_face_port:4^t1, material: MSLINE1/Metal, float:   0.00e+00, 2D/3D-geometry: false, wire: false, sheet: false, human: false, PEC:  true, SI: false, face port:   1, feature ID:      -1
Priority:   3, shape  27: </cst/Ports/> discrete_face_port:4^t0, material: MSLINE1/Metal, float:   0.00e+00, 2D/3D-geometry: false, wire: false, sheet: false, human: false, PEC:  true, SI: false, face port:   1, feature ID:      -1
Priority:   3, shape  26: </cst/Ports/> discrete_face_port:3^t1, material: MSLINE1/Metal, float:   0.00e+00, 2D/3D-geometry: false, wire: false, sheet: false, human: false, PEC:  true, SI: false, face port:   1, feature ID:      -1
Priority:   3, shape  25: </cst/Ports/> discrete_face_port:3^t0, material: MSLINE1/Metal, float:   0.00e+00, 2D/3D-geometry: false, wire: false, sheet: false, human: false, PEC:  true, SI: false, face port:   1, feature ID:      -1
Priority:   3, shape  24: </cst/Ports/> discrete_face_port:2^t1, material: MSLINE1/Metal, float:   0.00e+00, 2D/3D-geometry: false, wire: false, sheet: false, human: false, PEC:  true, SI: false, face port:   1, feature ID:      -1
Priority:   3, shape  23: </cst/Ports/> discrete_face_port:2^t0, material: MSLINE1/Metal, float:   0.00e+00, 2D/3D-geometry: false, wire: false, sheet: false, human: false, PEC:  true, SI: false, face port:   1, feature ID:      -1
Priority:   3, shape  22: </cst/Ports/> discrete_face_port:1^t1, material: MSLINE1/Metal, float:   0.00e+00, 2D/3D-geometry: false, wire: false, sheet: false, human: false, PEC:  true, SI: false, face port:   1, feature ID:      -1
Priority:   3, shape  21: </cst/Ports/> discrete_face_port:1^t0, material: MSLINE1/Metal, float:   0.00e+00, 2D/3D-geometry: false, wire: false, sheet: false, human: false, PEC:  true, SI: false, face port:   1, feature ID:      -1
Priority:   4, shape   6: MSREF1:Substrate, material: MSREF1/Substrate, float:   0.00e+00, 2D/3D-geometry: true, wire: false, sheet: false, human: false, PEC: false, SI: false, face port:   0, feature ID:      -1
Priority:   5, shape   5: MSREF1:GND_Bottom, material: MSREF1/GND, float:   0.00e+00, 2D/3D-geometry: true, wire: false, sheet:  true, human: false, PEC:  true, SI: false, face port:   0, feature ID:      -1
Priority:   5, shape   4: MSLINE4:MSLINE4, material: MSLINE4/Metal, float:   0.00e+00, 2D/3D-geometry: true, wire: false, sheet:  true, human: false, PEC:  true, SI: false, face port:   0, feature ID:      -1
Priority:   5, shape   3: MSLINE3:MSLINE3, material: MSLINE3/Metal, float:   0.00e+00, 2D/3D-geometry: true, wire: false, sheet:  true, human: false, PEC:  true, SI: false, face port:   0, feature ID:      -1
Priority:   5, shape   2: MSLINE2:MSLINE2, material: MSLINE2/Metal, float:   0.00e+00, 2D/3D-geometry: true, wire: false, sheet:  true, human: false, PEC:  true, SI: false, face port:   0, feature ID:      -1
Priority:   5, shape   1: MSLINE1:MSLINE1, material: MSLINE1/Metal, float:   0.00e+00, 2D/3D-geometry: true, wire: false, sheet:  true, human: false, PEC:  true, SI: false, face port:   0, feature ID:      -1
Priority:   6, shape  14: discrete_face_port:8, material: PEC, float:   0.00e+00, 2D/3D-geometry: true, wire: false, sheet:  true, human: false, PEC:  true, SI: false, face port:   1, feature ID:      -1
Priority:   6, shape  13: discrete_face_port:7, material: PEC, float:   0.00e+00, 2D/3D-geometry: true, wire: false, sheet:  true, human: false, PEC:  true, SI: false, face port:   1, feature ID:      -1
Priority:   6, shape  12: discrete_face_port:6, material: PEC, float:   0.00e+00, 2D/3D-geometry: true, wire: false, sheet:  true, human: false, PEC:  true, SI: false, face port:   1, feature ID:      -1
Priority:   6, shape  11: discrete_face_port:5, material: PEC, float:   0.00e+00, 2D/3D-geometry: true, wire: false, sheet:  true, human: false, PEC:  true, SI: false, face port:   1, feature ID:      -1
Priority:   6, shape  10: discrete_face_port:4, material: PEC, float:   0.00e+00, 2D/3D-geometry: true, wire: false, sheet:  true, human: false, PEC:  true, SI: false, face port:   1, feature ID:      -1
Priority:   6, shape   9: discrete_face_port:3, material: PEC, float:   0.00e+00, 2D/3D-geometry: true, wire: false, sheet:  true, human: false, PEC:  true, SI: false, face port:   1, feature ID:      -1
Priority:   6, shape   8: discrete_face_port:2, material: PEC, float:   0.00e+00, 2D/3D-geometry: true, wire: false, sheet:  true, human: false, PEC:  true, SI: false, face port:   1, feature ID:      -1
Priority:   6, shape   7: discrete_face_port:1, material: PEC, float:   0.00e+00, 2D/3D-geometry: true, wire: false, sheet:  true, human: false, PEC:  true, SI: false, face port:   1, feature ID:      -1
 
==================================================================================================
 
================================================================================================
General settings
	PBA version: default
------------------------------------------------------------------------------------------------
Geometry processor:default
	Geo accuracy: 64.000000
	PEC background is represented by CAD geometry: false
	Watertightness check: true
	Self intersection check: false
	Inheritance (all): false
	Normal dominance (all): false
	Normal dominance (ports): false
	Flanges hollow: true
	One shape per flange: false
------------------------------------------------------------------------------------------------
Connectivity settings
	Workflow selection: 0
	Workflow version: 20180101
	Gap detection: true
	Gap detection version: 2
	TST version: 2
	QQ workflow: true
	CoCo workflow: true
	Legacy topology: false
	Connectivity check: false
------------------------------------------------------------------------------------------------
Geometry processing log
	no entries
================================================================================================
=======================
Finished CAD processing
=======================

------------------------------------------------------------
Parallelization Info
------------------------------------------------------------
Hyperthreading: active: true, used: false
Number of concurrent threads: 2
Number of node domains: 2
Number of mesh fill domains: 9
Memory downscale: 1
CPU load: 25.00%
Emptiness: 0.00%
Hex mesh complexity: 0.09310
Geometric complexity: 0.00084
------------------------------------------------------------
Node order
1, 0
------------------------------------------------------------

------------------------------------
Mesh: # of points excl. TSTs: 100820
      # of points incl. TSTs: 100820
------------------------------------

1xN000:  Version: 2020.1 Release from 2019-10-21 (change 729620) [Release]
         Started @ 2021 Jun 13 (Sun):  18:43:19
         Workflow: PBA matrix coefficients
         Operation: [fpba, meshfill, bg, port-path, tst, tst-nextgen, coeff, surface-imp]
         Architecture: Windows, ID: AMD64
         System Windows-64bit
         Using processor group 0/1
         HEX Mesh information:
         [Global mesh]
         	global O(0 0 0) 	global S(71 20 20) Z(28399)
         [Extended mesh]
         	extended O(0 0 0) 	extended S(71 21 20) Z(29819)
         FARM allocation scheme: BBM
1xN000:  <<<<<<<<<<<<<<<<<<<<<<<<<<<<
         2021 Jun 13 (Sun):  18:43:19
         <<<<<<<<<<<<<<<<<<<<<<<<<<<<

1xN000:  ======================================================
          - pinning rule in use   : PINNING_RULE_MCALC_SKIP_ALL
          - desired group         : 0, sockets = 0
          - num cores available   : 16
          - num accessible procs  : 16
          - num logical procs     : 16
          - affinity (main thread): 11111111 11111111
          - sockets               : 0
          - potential cores       : 0,2,4,6,8,10,12,14
          - affinity              : 11111111
          - active cores          : 0,2,4,6,8,10,12,14
          - hyperthreading        : on
          - allowed socket ids    : 0
          - allowed core ids      : 0,2,4,6,8,10,12,14
          - used mask (string)    : 10101010 10101010

         ======================================================

1xN000:  ===============================
         Matrix computation (PBA)
         	[PBA version: default]
         Version 2020.1 (build 20191021)
         PBA version 2019102120
         2021 Jun 13 (Sun):  18:43:19
         ===============================

1xN000:  ----------------------------------------------
         Used point accuracy enhancement value: 64.00%.
         ----------------------------------------------

1xN000:  Gap-Detection activated for FARM-topology. Gaps are resolved, even partially.: gap tolerance value is 0.001 and mesh geometry scale is 0.001
1xN000:  ccccccccccccccccccccccccccccccccccccccccccccccccccccccccccccccccccccc
         FARM/Meshfill cache is set to 8 (local FI domains: 3, dynamic: false)
         ccccccccccccccccccccccccccccccccccccccccccccccccccccccccccccccccccccc

1xN000:  =============================================================
         Hex cell analyzer settings:
         	max number of E fields per mesh edge: 2
         	max number of H fields per mesh face: 4
         	supporting dual grid: false
         	performance improvement: ROI limit: true
         	performance improvement: ROI threshold: 2
         	performance improvement: single topology extraction: true
         	performance improvement: pre-categorize cell volume: true
         	periodic align: 0
         	periodic cells: true
         =============================================================

1xN000:  ------------------------------------------------------------------------------
         PBA fill limit is applied in inverse mode.
         PBA fill limit is applied on faces filled with at least 99.00% metal material.
         --------------------------------------------------------------
         detailed accuracy settings:
         --------------------------------------------------------------
         augmented fill limit:       true
         augmented fill limit value: 99.00
         automatic fill limit:       true
         early fill limit:           true
         inverse fill limit:         true
         model complexity:           0.00
         legacy 2015:                false
         fixed point accuracy:       false
         minimum point accuracy:     0
         mesh step inheritance:      false
         accuracy mode:
         ------------------------------------------------------------------------------

1xN000:  discrete face port "7" is connected to metal material.
1xN000:  discrete face port "8" is connected to metal material.
1xN000:  ------------------------------------------------------------------
         The following discrete face ports are connected to metal material:
         	7, 8
         ------------------------------------------------------------------

1xN000:  =================================
         Finished matrix computation (PBA)
         =================================

1xN000:  >>>>>>>>>>>>>>>>>>>>>>>>>>>>
         2021 Jun 13 (Sun):  18:43:23
         >>>>>>>>>>>>>>>>>>>>>>>>>>>>



1xN001:  Version: 2020.1 Release from 2019-10-21 (change 729620) [Release]
         Started @ 2021 Jun 13 (Sun):  18:43:19
         Workflow: PBA matrix coefficients
         Operation: [fpba, meshfill, bg, port-path, tst, tst-nextgen, coeff, surface-imp]
         Architecture: Windows, ID: AMD64
         System Windows-64bit
         Using processor group 0/1
         HEX Mesh information:
         [Global mesh]
         	global O(0 18 0) 	global S(71 53 20) Z(75259)
         [Extended mesh]
         	extended O(0 17 0) 	extended S(71 54 20) Z(76679)
         FARM allocation scheme: BBM
1xN001:  <<<<<<<<<<<<<<<<<<<<<<<<<<<<
         2021 Jun 13 (Sun):  18:43:19
         <<<<<<<<<<<<<<<<<<<<<<<<<<<<

1xN001:  ======================================================
          - pinning rule in use   : PINNING_RULE_MCALC_SKIP_ALL
          - desired group         : 0, sockets = 0
          - num cores available   : 16
          - num accessible procs  : 16
          - num logical procs     : 16
          - affinity (main thread): 11111111 11111111
          - sockets               : 0
          - potential cores       : 0,2,4,6,8,10,12,14
          - affinity              : 11111111
          - active cores          : 0,2,4,6,8,10,12,14
          - hyperthreading        : on
          - allowed socket ids    : 0
          - allowed core ids      : 0,2,4,6,8,10,12,14
          - used mask (string)    : 10101010 10101010

         ======================================================

1xN001:  ===============================
         Matrix computation (PBA)
         	[PBA version: default]
         Version 2020.1 (build 20191021)
         PBA version 2019102120
         2021 Jun 13 (Sun):  18:43:19
         ===============================

1xN001:  ----------------------------------------------
         Used point accuracy enhancement value: 64.00%.
         ----------------------------------------------

1xN001:  Gap-Detection activated for FARM-topology. Gaps are resolved, even partially.: gap tolerance value is 0.001 and mesh geometry scale is 0.001
1xN001:  ccccccccccccccccccccccccccccccccccccccccccccccccccccccccccccccccccccc
         FARM/Meshfill cache is set to 8 (local FI domains: 9, dynamic: false)
         ccccccccccccccccccccccccccccccccccccccccccccccccccccccccccccccccccccc

1xN001:  =============================================================
         Hex cell analyzer settings:
         	max number of E fields per mesh edge: 2
         	max number of H fields per mesh face: 4
         	supporting dual grid: false
         	performance improvement: ROI limit: true
         	performance improvement: ROI threshold: 2
         	performance improvement: single topology extraction: true
         	performance improvement: pre-categorize cell volume: true
         	periodic align: 0
         	periodic cells: true
         =============================================================

1xN001:  ------------------------------------------------------------------------------
         PBA fill limit is applied in inverse mode.
         PBA fill limit is applied on faces filled with at least 99.00% metal material.
         --------------------------------------------------------------
         detailed accuracy settings:
         --------------------------------------------------------------
         augmented fill limit:       true
         augmented fill limit value: 99.00
         automatic fill limit:       true
         early fill limit:           true
         inverse fill limit:         true
         model complexity:           0.00
         legacy 2015:                false
         fixed point accuracy:       false
         minimum point accuracy:     0
         mesh step inheritance:      false
         accuracy mode:
         ------------------------------------------------------------------------------

1xN001:  discrete face port "1" is connected to metal material.
1xN001:  discrete face port "2" is connected to metal material.
1xN001:  discrete face port "3" is connected to metal material.
1xN001:  discrete face port "4" is connected to metal material.
1xN001:  discrete face port "5" is connected to metal material.
1xN001:  discrete face port "6" is connected to metal material.
1xN001:  ------------------------------------------------------------------
         The following discrete face ports are connected to metal material:
         	1, 2, 3, 4, 5, 6
         ------------------------------------------------------------------

1xN001:  =================================
         Finished matrix computation (PBA)
         =================================

1xN001:  >>>>>>>>>>>>>>>>>>>>>>>>>>>>
         2021 Jun 13 (Sun):  18:43:29
         >>>>>>>>>>>>>>>>>>>>>>>>>>>>



--------------------------------
# of staircase filled cells: 0
# of staircase filled areas: 0
# of staircase filled edges: 0
# of faces above fill limit: 0
# of edges with FPBA topology: 0
--------------------------------

--------------------------------
# of staircase filled cells: 0
# of staircase filled areas: 0
# of staircase filled edges: 0
# of faces above fill limit: 0
# of edges with FPBA topology: 0
--------------------------------

--------------------------------
# of staircase filled cells: 0
# of staircase filled areas: 0
# of staircase filled edges: 0
# of faces above fill limit: 0
# of edges with FPBA topology: 0
--------------------------------

--------------------------------
# of staircase filled cells: 0
# of staircase filled areas: 0
# of staircase filled edges: 0
# of faces above fill limit: 0
# of edges with FPBA topology: 0
--------------------------------

--------------------------------
# of staircase filled cells: 0
# of staircase filled areas: 0
# of staircase filled edges: 0
# of faces above fill limit: 0
# of edges with FPBA topology: 0
--------------------------------

--------------------------------
# of staircase filled cells: 0
# of staircase filled areas: 0
# of staircase filled edges: 0
# of faces above fill limit: 0
# of edges with FPBA topology: 0
--------------------------------

--------------------------------
# of staircase filled cells: 0
# of staircase filled areas: 0
# of staircase filled edges: 0
# of faces above fill limit: 0
# of edges with FPBA topology: 0
--------------------------------

--------------------------------
# of staircase filled cells: 0
# of staircase filled areas: 0
# of staircase filled edges: 0
# of faces above fill limit: 0
# of edges with FPBA topology: 0
--------------------------------

